1698238720942	geckodriver	INFO	Listening on 127.0.0.1:63501
1698238723927	mozrunner::runner	INFO	Running command: "C:\\Program Files\\Mozilla Firefox\\firefox.exe" "--marionette" "--remote-debugging-port" "63502" "--remote-allow-hosts" "localhost" "-no-remote" "-profile" "C:\\Users\\FLAVIO~1.BUE\\AppData\\Local\\Temp\\rust_mozprofilelF09KV"
console.warn: services.settings: Ignoring preference override of remote settings server
console.warn: services.settings: Allow by setting MOZ_REMOTE_SETTINGS_DEVTOOLS=1 in the environment
1698238725109	Marionette	INFO	Marionette enabled
Dynamically enable window occlusion 0
1698238725460	Marionette	INFO	Listening on port 63515
WebDriver BiDi listening on ws://127.0.0.1:63502
Read port: 63515
1698238725986	RemoteAgent	WARN	TLS certificate errors will be ignored for this session
DevTools listening on ws://127.0.0.1:63502/devtools/browser/71e1170f-1bcd-4e29-80eb-8422a437bb3b
1698238750846	Marionette	INFO	Stopped listening on port 63515
Dynamically enable window occlusion 1
1698238754616	geckodriver	INFO	Listening on 127.0.0.1:63556
1698238757611	mozrunner::runner	INFO	Running command: "C:\\Program Files\\Mozilla Firefox\\firefox.exe" "--marionette" "--remote-debugging-port" "63557" "--remote-allow-hosts" "localhost" "-no-remote" "-profile" "C:\\Users\\FLAVIO~1.BUE\\AppData\\Local\\Temp\\rust_mozprofile12x7gp"
console.warn: services.settings: Ignoring preference override of remote settings server
console.warn: services.settings: Allow by setting MOZ_REMOTE_SETTINGS_DEVTOOLS=1 in the environment
1698238758642	Marionette	INFO	Marionette enabled
Dynamically enable window occlusion 0
1698238759187	Marionette	INFO	Listening on port 63568
WebDriver BiDi listening on ws://127.0.0.1:63557
Read port: 63568
1698238759841	RemoteAgent	WARN	TLS certificate errors will be ignored for this session
DevTools listening on ws://127.0.0.1:63557/devtools/browser/0d3d7f1f-d824-4f6f-9995-d8a7fd4b4cdc
JavaScript warning: https://www.googletagmanager.com/gtag/js?id=G-ZKNV1RBHB5&l=dataLayer&cx=c, line 127: Script terminated by timeout at:
Sa@https://www.googletagmanager.com/gtag/js?id=G-ZKNV1RBHB5&l=dataLayer&cx=c:127:437
hp@https://www.googletagmanager.com/gtag/js?id=G-ZKNV1RBHB5&l=dataLayer&cx=c:350:423
yw@https://www.googletagmanager.com/gtag/js?id=G-ZKNV1RBHB5&l=dataLayer&cx=c:395:411
TF/<@https://www.googletagmanager.com/gtag/js?id=G-ZKNV1RBHB5&l=dataLayer&cx=c:510:153
aa.Ik/<@https://www.googletagmanager.com/gtag/js?id=G-ZKNV1RBHB5&l=dataLayer&cx=c:463:126
aa.Ik/c/<@https://www.googletagmanager.com/gtag/js?id=G-ZKNV1RBHB5&l=dataLayer&cx=c:462:420

1698238830566	Marionette	INFO	Stopped listening on port 63568
Dynamically enable window occlusion 1
1698238833723	geckodriver	INFO	Listening on 127.0.0.1:63662
1698238836712	mozrunner::runner	INFO	Running command: "C:\\Program Files\\Mozilla Firefox\\firefox.exe" "--marionette" "--remote-debugging-port" "63663" "--remote-allow-hosts" "localhost" "-no-remote" "-profile" "C:\\Users\\FLAVIO~1.BUE\\AppData\\Local\\Temp\\rust_mozprofileaRH3F2"
console.warn: services.settings: Ignoring preference override of remote settings server
console.warn: services.settings: Allow by setting MOZ_REMOTE_SETTINGS_DEVTOOLS=1 in the environment
1698238837574	Marionette	INFO	Marionette enabled
Dynamically enable window occlusion 0
1698238837934	Marionette	INFO	Listening on port 63675
WebDriver BiDi listening on ws://127.0.0.1:63663
Read port: 63675
1698238838412	RemoteAgent	WARN	TLS certificate errors will be ignored for this session
DevTools listening on ws://127.0.0.1:63663/devtools/browser/bdb43321-ca67-4c9a-a0f5-29c3309de07e
JavaScript warning: https://www.googletagmanager.com/gtag/js?id=G-ZKNV1RBHB5&l=dataLayer&cx=c, line 464: Script terminated by timeout at:
aa.uh@https://www.googletagmanager.com/gtag/js?id=G-ZKNV1RBHB5&l=dataLayer&cx=c:464:42
get@https://www.googletagmanager.com/gtag/js?id=G-ZKNV1RBHB5&l=dataLayer&cx=c:462:119
stop@https://www.googletagmanager.com/gtag/js?id=G-ZKNV1RBHB5&l=dataLayer&cx=c:462:87
aa.Ik/c/<@https://www.googletagmanager.com/gtag/js?id=G-ZKNV1RBHB5&l=dataLayer&cx=c:462:412

1698238878103	Marionette	INFO	Stopped listening on port 63675
Dynamically enable window occlusion 1
1698242221817	geckodriver	INFO	Listening on 127.0.0.1:64844
1698242224811	mozrunner::runner	INFO	Running command: "C:\\Program Files\\Mozilla Firefox\\firefox.exe" "--marionette" "--remote-debugging-port" "64845" "--remote-allow-hosts" "localhost" "-no-remote" "-profile" "C:\\Users\\FLAVIO~1.BUE\\AppData\\Local\\Temp\\rust_mozprofilee6ZLLn"
console.warn: services.settings: Ignoring preference override of remote settings server
console.warn: services.settings: Allow by setting MOZ_REMOTE_SETTINGS_DEVTOOLS=1 in the environment
1698242225644	Marionette	INFO	Marionette enabled
Dynamically enable window occlusion 0
1698242226072	Marionette	INFO	Listening on port 64853
WebDriver BiDi listening on ws://127.0.0.1:64845
Read port: 64853
1698242226623	RemoteAgent	WARN	TLS certificate errors will be ignored for this session
DevTools listening on ws://127.0.0.1:64845/devtools/browser/7e0031f5-34a7-4276-be29-eb313e954f2f
1698242261862	geckodriver	INFO	Listening on 127.0.0.1:64904
1698242264834	mozrunner::runner	INFO	Running command: "C:\\Program Files\\Mozilla Firefox\\firefox.exe" "--marionette" "--remote-debugging-port" "64905" "--remote-allow-hosts" "localhost" "-no-remote" "-profile" "C:\\Users\\FLAVIO~1.BUE\\AppData\\Local\\Temp\\rust_mozprofileDWxAg9"
console.warn: services.settings: Ignoring preference override of remote settings server
console.warn: services.settings: Allow by setting MOZ_REMOTE_SETTINGS_DEVTOOLS=1 in the environment
1698242265581	Marionette	INFO	Marionette enabled
Dynamically enable window occlusion 0
1698242265928	Marionette	INFO	Listening on port 64912
WebDriver BiDi listening on ws://127.0.0.1:64905
Read port: 64912
1698242266331	RemoteAgent	WARN	TLS certificate errors will be ignored for this session
DevTools listening on ws://127.0.0.1:64905/devtools/browser/6e3de71a-35e6-4a6e-a669-2fa13ba4a828
JavaScript warning: https://www.googletagmanager.com/gtag/js?id=G-ZKNV1RBHB5&l=dataLayer&cx=c, line 464: Script terminated by timeout at:
aa.uh@https://www.googletagmanager.com/gtag/js?id=G-ZKNV1RBHB5&l=dataLayer&cx=c:464:89
get@https://www.googletagmanager.com/gtag/js?id=G-ZKNV1RBHB5&l=dataLayer&cx=c:462:119
stop@https://www.googletagmanager.com/gtag/js?id=G-ZKNV1RBHB5&l=dataLayer&cx=c:462:87
aa.Ik/c/<@https://www.googletagmanager.com/gtag/js?id=G-ZKNV1RBHB5&l=dataLayer&cx=c:462:412

console.warn: LoginRecipes: "Falling back to a synchronous message for: https://sso.acesso.gov.br."
console.warn: services.settings: Ignoring preference override of remote settings server
console.warn: services.settings: Allow by setting MOZ_REMOTE_SETTINGS_DEVTOOLS=1 in the environment
console.error: (new TypeError("lazy.AsyncShutdown.profileBeforeChange is undefined", "resource://services-settings/Database.sys.mjs", 593))
console.warn: LoginRecipes: "Falling back to a synchronous message for: https://sso.acesso.gov.br."
console.warn: LoginRecipes: "Falling back to a synchronous message for: https://sso.acesso.gov.br."
console.warn: services.settings: Ignoring preference override of remote settings server
console.warn: services.settings: Allow by setting MOZ_REMOTE_SETTINGS_DEVTOOLS=1 in the environment
console.error: (new TypeError("lazy.AsyncShutdown.profileBeforeChange is undefined", "resource://services-settings/Database.sys.mjs", 593))
console.warn: services.settings: Ignoring preference override of remote settings server
console.warn: services.settings: Allow by setting MOZ_REMOTE_SETTINGS_DEVTOOLS=1 in the environment
console.error: (new TypeError("lazy.AsyncShutdown.profileBeforeChange is undefined", "resource://services-settings/Database.sys.mjs", 593))
console.warn: services.settings: Ignoring preference override of remote settings server
console.warn: services.settings: Allow by setting MOZ_REMOTE_SETTINGS_DEVTOOLS=1 in the environment
console.error: (new TypeError("lazy.AsyncShutdown.profileBeforeChange is undefined", "resource://services-settings/Database.sys.mjs", 593))
JavaScript error: resource:///modules/PanelMultiView.sys.mjs, line 1244: TypeError: currentView is undefined
1698242462431	Marionette	INFO	Stopped listening on port 64912
Dynamically enable window occlusion 1
1698242487256	geckodriver	INFO	Listening on 127.0.0.1:65010
1698242490213	mozrunner::runner	INFO	Running command: "C:\\Program Files\\Mozilla Firefox\\firefox.exe" "--marionette" "--remote-debugging-port" "65011" "--remote-allow-hosts" "localhost" "-no-remote" "-profile" "C:\\Users\\FLAVIO~1.BUE\\AppData\\Local\\Temp\\rust_mozprofileFwyg4o"
console.warn: services.settings: Ignoring preference override of remote settings server
console.warn: services.settings: Allow by setting MOZ_REMOTE_SETTINGS_DEVTOOLS=1 in the environment
1698242490924	Marionette	INFO	Marionette enabled
Dynamically enable window occlusion 0
1698242491265	Marionette	INFO	Listening on port 65020
WebDriver BiDi listening on ws://127.0.0.1:65011
Read port: 65020
1698242491744	RemoteAgent	WARN	TLS certificate errors will be ignored for this session
DevTools listening on ws://127.0.0.1:65011/devtools/browser/5029dabc-1647-41eb-ae87-c327bc7dc7a2
JavaScript warning: https://www.googletagmanager.com/gtag/js?id=G-ZKNV1RBHB5&l=dataLayer&cx=c, line 464: Script terminated by timeout at:
aa.uh@https://www.googletagmanager.com/gtag/js?id=G-ZKNV1RBHB5&l=dataLayer&cx=c:464:89
get@https://www.googletagmanager.com/gtag/js?id=G-ZKNV1RBHB5&l=dataLayer&cx=c:462:119
stop@https://www.googletagmanager.com/gtag/js?id=G-ZKNV1RBHB5&l=dataLayer&cx=c:462:87
aa.Ik/c/<@https://www.googletagmanager.com/gtag/js?id=G-ZKNV1RBHB5&l=dataLayer&cx=c:462:412

console.warn: LoginRecipes: "Falling back to a synchronous message for: https://sso.acesso.gov.br."
console.warn: services.settings: Ignoring preference override of remote settings server
console.warn: services.settings: Allow by setting MOZ_REMOTE_SETTINGS_DEVTOOLS=1 in the environment
console.error: (new TypeError("lazy.AsyncShutdown.profileBeforeChange is undefined", "resource://services-settings/Database.sys.mjs", 593))
console.warn: LoginRecipes: "Falling back to a synchronous message for: https://sso.acesso.gov.br."
console.warn: LoginRecipes: "Falling back to a synchronous message for: https://sso.acesso.gov.br."
1698242538997	Marionette	INFO	Stopped listening on port 65020
Dynamically enable window occlusion 1
1698242709614	geckodriver	INFO	Listening on 127.0.0.1:65119
1698242712576	mozrunner::runner	INFO	Running command: "C:\\Program Files\\Mozilla Firefox\\firefox.exe" "--marionette" "--remote-debugging-port" "65120" "--remote-allow-hosts" "localhost" "-no-remote" "-profile" "C:\\Users\\FLAVIO~1.BUE\\AppData\\Local\\Temp\\rust_mozprofilet5Wd2c"
console.warn: services.settings: Ignoring preference override of remote settings server
console.warn: services.settings: Allow by setting MOZ_REMOTE_SETTINGS_DEVTOOLS=1 in the environment
1698242713317	Marionette	INFO	Marionette enabled
Dynamically enable window occlusion 0
1698242713728	Marionette	INFO	Listening on port 65127
WebDriver BiDi listening on ws://127.0.0.1:65120
Read port: 65127
1698242714189	RemoteAgent	WARN	TLS certificate errors will be ignored for this session
DevTools listening on ws://127.0.0.1:65120/devtools/browser/9bca5e38-de3a-4f23-817c-ba93907e270c
JavaScript warning: https://www.googletagmanager.com/gtag/js?id=G-ZKNV1RBHB5&l=dataLayer&cx=c, line 127: Script terminated by timeout at:
l@https://www.googletagmanager.com/gtag/js?id=G-ZKNV1RBHB5&l=dataLayer&cx=c:127:17
KF@https://www.googletagmanager.com/gtag/js?id=G-ZKNV1RBHB5&l=dataLayer&cx=c:509:311
aa.Jm@https://www.googletagmanager.com/gtag/js?id=G-ZKNV1RBHB5&l=dataLayer&cx=c:490:436
c@https://www.googletagmanager.com/gtag/js?id=G-ZKNV1RBHB5&l=dataLayer&cx=c:509:903
Gw@https://www.googletagmanager.com/gtag/js?id=G-ZKNV1RBHB5&l=dataLayer&cx=c:397:298
Fw.prototype.flush@https://www.googletagmanager.com/gtag/js?id=G-ZKNV1RBHB5&l=dataLayer&cx=c:400:263
Fw.prototype.push@https://www.googletagmanager.com/gtag/js?id=G-ZKNV1RBHB5&l=dataLayer&cx=c:398:207
yw@https://www.googletagmanager.com/gtag/js?id=G-ZKNV1RBHB5&l=dataLayer&cx=c:395:434
TF/<@https://www.googletagmanager.com/gtag/js?id=G-ZKNV1RBHB5&l=dataLayer&cx=c:510:153
aa.Ik/<@https://www.googletagmanager.com/gtag/js?id=G-ZKNV1RBHB5&l=dataLayer&cx=c:463:126
aa.Ik/c/<@https://www.googletagmanager.com/gtag/js?id=G-ZKNV1RBHB5&l=dataLayer&cx=c:462:420

console.warn: LoginRecipes: "Falling back to a synchronous message for: https://sso.acesso.gov.br."
console.warn: services.settings: Ignoring preference override of remote settings server
console.warn: services.settings: Allow by setting MOZ_REMOTE_SETTINGS_DEVTOOLS=1 in the environment
console.error: (new TypeError("lazy.AsyncShutdown.profileBeforeChange is undefined", "resource://services-settings/Database.sys.mjs", 593))
console.warn: LoginRecipes: "Falling back to a synchronous message for: https://sso.acesso.gov.br."
console.warn: LoginRecipes: "Falling back to a synchronous message for: https://sso.acesso.gov.br."
console.error: "Unable to find target with innerWindowId:17179869185"
console.error: "Unable to find target with innerWindowId:17179869185"
console.warn: LoginRecipes: "Falling back to a synchronous message for: https://sso.acesso.gov.br."
console.warn: "Listener for event 'frame' did not return a promise."
JavaScript error: https://newassets.hcaptcha.com/captcha/v1/5d98cfa/hcaptcha.js, line 3: Error: Message must be an object.
JavaScript error: https://newassets.hcaptcha.com/captcha/v1/5d98cfa/hcaptcha.js, line 3: Error: Message must be an object.
JavaScript error: https://newassets.hcaptcha.com/captcha/v1/5d98cfa/hcaptcha.js, line 3: Error: Message must be an object.
JavaScript error: https://newassets.hcaptcha.com/captcha/v1/5d98cfa/hcaptcha.js, line 3: Error: Message must be an object.
JavaScript error: https://newassets.hcaptcha.com/captcha/v1/5d98cfa/hcaptcha.js, line 3: Error: Message must be an object.
JavaScript error: https://newassets.hcaptcha.com/captcha/v1/5d98cfa/hcaptcha.js, line 3: Error: Message must be an object.
JavaScript error: https://newassets.hcaptcha.com/captcha/v1/5d98cfa/hcaptcha.js, line 3: Error: Message must be an object.
JavaScript error: https://newassets.hcaptcha.com/captcha/v1/5d98cfa/hcaptcha.js, line 3: Error: Message must be an object.
JavaScript error: resource://gre/modules/AsyncShutdown.sys.mjs, line 573: NotFoundError: No such JSWindowActor 'DevToolsFrame'
JavaScript error: resource://gre/modules/AsyncShutdown.sys.mjs, line 573: NotFoundError: No such JSWindowActor 'DevToolsFrame'
JavaScript error: resource://gre/modules/AsyncShutdown.sys.mjs, line 573: NotFoundError: No such JSWindowActor 'DevToolsFrame'
1698243595458	Marionette	INFO	Stopped listening on port 65127
Dynamically enable window occlusion 1
1698244312014	geckodriver	INFO	Listening on 127.0.0.1:49941
1698244314978	mozrunner::runner	INFO	Running command: "C:\\Program Files\\Mozilla Firefox\\firefox.exe" "--marionette" "--remote-debugging-port" "49942" "--remote-allow-hosts" "localhost" "-no-remote" "-profile" "C:\\Users\\FLAVIO~1.BUE\\AppData\\Local\\Temp\\rust_mozprofileXP091M"
console.warn: services.settings: Ignoring preference override of remote settings server
console.warn: services.settings: Allow by setting MOZ_REMOTE_SETTINGS_DEVTOOLS=1 in the environment
1698244315711	Marionette	INFO	Marionette enabled
Dynamically enable window occlusion 0
1698244316020	Marionette	INFO	Listening on port 49961
WebDriver BiDi listening on ws://127.0.0.1:49942
Read port: 49961
1698244316429	RemoteAgent	WARN	TLS certificate errors will be ignored for this session
DevTools listening on ws://127.0.0.1:49942/devtools/browser/3ce48536-5427-44bb-8f2d-ca07b26b167a
JavaScript warning: https://www.googletagmanager.com/gtag/js?id=G-ZKNV1RBHB5&l=dataLayer&cx=c, line 464: Script terminated by timeout at:
aa.uh@https://www.googletagmanager.com/gtag/js?id=G-ZKNV1RBHB5&l=dataLayer&cx=c:464:89
get@https://www.googletagmanager.com/gtag/js?id=G-ZKNV1RBHB5&l=dataLayer&cx=c:462:119
stop@https://www.googletagmanager.com/gtag/js?id=G-ZKNV1RBHB5&l=dataLayer&cx=c:462:87
aa.Ik/c/<@https://www.googletagmanager.com/gtag/js?id=G-ZKNV1RBHB5&l=dataLayer&cx=c:462:412

console.warn: LoginRecipes: "Falling back to a synchronous message for: https://sso.acesso.gov.br."
JavaScript error: https://newassets.hcaptcha.com/captcha/v1/5d98cfa/hcaptcha.js, line 3: Error: Message must be an object.
JavaScript error: https://newassets.hcaptcha.com/captcha/v1/5d98cfa/hcaptcha.js, line 3: Error: Message must be an object.
JavaScript error: https://newassets.hcaptcha.com/captcha/v1/5d98cfa/hcaptcha.js, line 3: Error: Message must be an object.
JavaScript error: https://newassets.hcaptcha.com/captcha/v1/5d98cfa/hcaptcha.js, line 3: Error: Message must be an object.
JavaScript error: https://newassets.hcaptcha.com/captcha/v1/5d98cfa/hcaptcha.js, line 3: Error: Message must be an object.
JavaScript error: https://newassets.hcaptcha.com/captcha/v1/5d98cfa/hcaptcha.js, line 3: Error: Message must be an object.
JavaScript error: https://newassets.hcaptcha.com/captcha/v1/5d98cfa/hcaptcha.js, line 3: Error: Message must be an object.
JavaScript error: https://newassets.hcaptcha.com/captcha/v1/5d98cfa/hcaptcha.js, line 3: Error: Message must be an object.
JavaScript error: https://newassets.hcaptcha.com/captcha/v1/5d98cfa/hcaptcha.js, line 3: Error: Message must be an object.
console.warn: services.settings: Ignoring preference override of remote settings server
console.warn: services.settings: Allow by setting MOZ_REMOTE_SETTINGS_DEVTOOLS=1 in the environment
console.error: (new TypeError("lazy.AsyncShutdown.profileBeforeChange is undefined", "resource://services-settings/Database.sys.mjs", 593))
console.warn: LoginRecipes: "Falling back to a synchronous message for: https://sso.acesso.gov.br."
console.warn: LoginRecipes: "Falling back to a synchronous message for: https://sso.acesso.gov.br."
JavaScript error: https://newassets.hcaptcha.com/captcha/v1/5d98cfa/hcaptcha.js, line 3: Error: Message must be an object.
JavaScript error: https://newassets.hcaptcha.com/captcha/v1/5d98cfa/hcaptcha.js, line 3: Error: Message must be an object.
JavaScript error: https://newassets.hcaptcha.com/captcha/v1/5d98cfa/hcaptcha.js, line 3: Error: Message must be an object.
JavaScript error: https://newassets.hcaptcha.com/captcha/v1/5d98cfa/hcaptcha.js, line 3: Error: Message must be an object.
JavaScript error: https://newassets.hcaptcha.com/captcha/v1/5d98cfa/hcaptcha.js, line 3: Error: Message must be an object.
JavaScript error: https://newassets.hcaptcha.com/captcha/v1/5d98cfa/hcaptcha.js, line 3: Error: Message must be an object.
JavaScript error: https://newassets.hcaptcha.com/captcha/v1/5d98cfa/hcaptcha.js, line 3: Error: Message must be an object.
JavaScript error: https://newassets.hcaptcha.com/captcha/v1/5d98cfa/hcaptcha.js, line 3: Error: Message must be an object.
console.warn: services.settings: Ignoring preference override of remote settings server
console.warn: services.settings: Allow by setting MOZ_REMOTE_SETTINGS_DEVTOOLS=1 in the environment
console.error: (new TypeError("lazy.AsyncShutdown.profileBeforeChange is undefined", "resource://services-settings/Database.sys.mjs", 593))
console.error: (new TypeError("currentNode is null", "resource://devtools/client/inspector/shared/style-change-tracker.js", 66))
TypeError: currentNode is null: canMutationImpactCurrentStyles@resource://devtools/client/inspector/shared/style-change-tracker.js:66:20
onMutations@resource://devtools/client/inspector/shared/style-change-tracker.js:84:41
_emit@resource://devtools/shared/event-emitter.js:242:32
emit@resource://devtools/shared/event-emitter.js:186:18
emit@resource://devtools/shared/event-emitter.js:330:18
getMutations@resource://devtools/client/fronts/walker.js:309:10

console.warn: "Listener for event 'frame' did not return a promise."
console.warn: "Listener for event 'frame' did not return a promise."
console.warn: services.settings: Ignoring preference override of remote settings server
console.warn: services.settings: Allow by setting MOZ_REMOTE_SETTINGS_DEVTOOLS=1 in the environment
console.error: (new TypeError("lazy.AsyncShutdown.profileBeforeChange is undefined", "resource://services-settings/Database.sys.mjs", 593))
console.error: (new TypeError("currentNode is null", "resource://devtools/client/inspector/shared/style-change-tracker.js", 66))
TypeError: currentNode is null: canMutationImpactCurrentStyles@resource://devtools/client/inspector/shared/style-change-tracker.js:66:20
onMutations@resource://devtools/client/inspector/shared/style-change-tracker.js:84:41
_emit@resource://devtools/shared/event-emitter.js:242:32
emit@resource://devtools/shared/event-emitter.js:186:18
emit@resource://devtools/shared/event-emitter.js:330:18
getMutations@resource://devtools/client/fronts/walker.js:309:10

JavaScript error: resource://gre/modules/AsyncShutdown.sys.mjs, line 573: NotFoundError: No such JSWindowActor 'DevToolsFrame'
1698244484432	Marionette	INFO	Stopped listening on port 49961
Dynamically enable window occlusion 1
